$ k get pod -l app=event-display
NAME                             READY   STATUS    RESTARTS   AGE
event-display-7d8d9f97db-lpgg2   1/1     Running   0          14m


$ k logs event-display-7d8d9f97db-lpgg2 
Context Attributes,
  specversion: 1.0
  type: tensorstack.dev.mlservice.request
  source: logger-example-predict-origin
  id: ff726d6b-7fd8-471e-9ddc-de03b201d882
  time: 2024-02-29T08:07:00.849119273Z
Extensions,
  component: predict
  inferenceurl: /v1/models/mnist:predict
  mlservicename: logger-example
  namespace: demo
Data,
  PNG
IHDWfHIDATxc`X`ˬUvo>C0$ůشi˿_{ ZATI̶_Q%̓*y_:=U9;4ɺpJ^{oG8NIx$!K.w;@@4^0
                                                                                                                                     G$Qp֛q?{4g^B
                                                                                                                                                                      <`Rr330
ztB?IENDB`
☁️  cloudevents.Event
Context Attributes,
  specversion: 1.0
  type: tensorstack.dev.mlservice.response
  source: logger-example-predict-origin
  id: ff726d6b-7fd8-471e-9ddc-de03b201d882
  time: 2024-02-29T08:07:01.468872477Z
Extensions,
  component: predict
  inferenceurl: /v1/models/mnist:predict
  mlservicename: logger-example
  namespace: demo
Data,
  {
  "0": 1.0,
  "2": 1.3369905182969433e-10,
  "6": 7.102208632401436e-14,
  "5": 5.859716330864836e-14,
  "9": 3.2580891499658536e-15
}
